*** Using Compiler 'V5.06 update 7 (build 960)', folder: 'E:\Keil_v5\ARM\ARMCC\Bin'
Build target 'F4 FRA'
compiling FRA.c...
../Core/Inc/FRA.h(32): warning:  #1-D: last line of file ends without a newline
  #endif
..\Core\Src\FRA.c(79): warning:  #167-D: argument of type "int *" is incompatible with parameter of type "uint32_t *"
      arm_max_f32(FFTMagBuf, 256, &peak_mag_input, &peak_freq_pos_input);
..\Core\Src\FRA.c(83): warning:  #1035-D: single-precision operand implicitly converted to double-precision
      peak_pha_input = (peak_pha_input * 180 / 3.14);
..\Core\Src\FRA.c(89): warning:  #1035-D: single-precision operand implicitly converted to double-precision
          FFTComplexBuf[i * 2] = 3.3 * (float32_t)ResponseBuf[i] / 4095;
..\Core\Src\FRA.c(105): warning:  #1035-D: single-precision operand implicitly converted to double-precision
      peak_pha_output = peak_pha_output * 180 / 3.14;
..\Core\Src\FRA.c(64): warning:  #177-D: variable "peak_freq_pos_output"  was declared but never referenced
      int peak_freq_pos_input = 0, peak_freq_pos_output = 0;
..\Core\Src\FRA.c(219): warning:  #1-D: last line of file ends without a newline
  }
..\Core\Src\FRA.c: 7 warnings, 0 errors
linking...
Program Size: Code=21148 RO-data=5960 RW-data=100 ZI-data=19060  
FromELF: creating hex file...
"F4 FRA\F4 FRA.axf" - 0 Error(s), 7 Warning(s).
Build Time Elapsed:  00:00:01
